2025-08-27 20:11:54,377 - __main__ - INFO -  Iniciando AI Trading System V2...
2025-08-27 20:11:54,377 - __main__ - INFO -  Inicializando Sistema de Trading con IA V2...
2025-08-27 20:11:54,377 - __main__ - INFO -  Conectando a MetaTrader 5...
2025-08-27 20:11:54,377 - __main__ - ERROR - Error inicializando sistema: name 'DataPipeline' is not defined
2025-08-27 20:11:54,377 - __main__ - ERROR -  Error en inicializaci贸n - Abortando...
2025-08-27 20:11:54,378 - __main__ - INFO -  Deteniendo sistema de trading...
2025-08-27 20:11:54,378 - __main__ - INFO -  Sistema detenido
2025-08-27 20:11:54,378 - __main__ - ERROR -  Error cr铆tico - Sistema no pudo iniciarse
2025-08-27 20:13:13,494 - __main__ - INFO - [SISTEMA] Iniciando AI Trading System V2...
2025-08-27 20:13:13,494 - __main__ - INFO - [IA] Inicializando Sistema de Trading con IA V2...
2025-08-27 20:13:13,494 - __main__ - INFO - [SISTEMA] Conectando a MetaTrader 5...
2025-08-27 20:13:13,494 - __main__ - ERROR - Error inicializando sistema: name 'DataPipeline' is not defined
2025-08-27 20:13:13,494 - __main__ - ERROR - [SISTEMA] Error en inicializaci贸n - Abortando...
2025-08-27 20:13:13,494 - __main__ - INFO - [SISTEMA] Deteniendo sistema de trading...
2025-08-27 20:13:13,494 - __main__ - INFO - [SISTEMA] Sistema detenido
2025-08-27 20:13:13,494 - __main__ - ERROR - [SISTEMA] Error cr铆tico - Sistema no pudo iniciarse
2025-08-27 20:13:47,085 - __main__ - INFO - [SISTEMA] Iniciando AI Trading System V2...
2025-08-27 20:13:47,085 - __main__ - INFO - [IA] Inicializando Sistema de Trading con IA V2...
2025-08-27 20:13:47,085 - __main__ - INFO - [SISTEMA] Conectando a MetaTrader 5...
2025-08-27 20:13:47,085 - __main__ - INFO - [SISTEMA] MT5 no disponible - Modo simulaci贸n activado
2025-08-27 20:13:47,085 - __main__ - INFO - [DATOS] Cargando motor de estrategias m煤ltiples...
2025-08-27 20:13:47,085 - __main__ - INFO - [DATOS] Estrategias cargadas en modo simulaci贸n
2025-08-27 20:13:47,085 - __main__ - INFO - [APRENDIZAJE] Inicializando colector de caracter铆sticas IA...
2025-08-27 20:13:47,085 - __main__ - INFO - [APRENDIZAJE] Colector iniciado en modo simulaci贸n
2025-08-27 20:13:47,085 - __main__ - INFO - [IA] Sistema inicializado correctamente
2025-08-27 20:13:47,085 - __main__ - INFO - [SISTEMA] Sistema de Trading IA iniciado
2025-08-27 20:13:47,086 - __main__ - INFO - [APRENDIZAJE] Iniciando entrenamiento r谩pido de modelos IA...
2025-08-27 20:13:47,086 - __main__ - INFO - [SISTEMA] Sistema en entrenamiento - Progreso: 0.0%
2025-08-27 20:13:47,086 - __main__ - INFO - [SISTEMA] Esperando finalizaci贸n del entrenamiento IA...
2025-08-27 20:13:47,096 - __main__ - INFO - [APRENDIZAJE] Progreso de entrenamiento: 0.0%
2025-08-27 20:13:47,197 - __main__ - INFO - [APRENDIZAJE] Progreso de entrenamiento: 20.0%
2025-08-27 20:13:47,298 - __main__ - INFO - [APRENDIZAJE] Progreso de entrenamiento: 40.0%
2025-08-27 20:13:47,399 - __main__ - INFO - [APRENDIZAJE] Progreso de entrenamiento: 60.0%
2025-08-27 20:13:47,499 - __main__ - INFO - [APRENDIZAJE] Progreso de entrenamiento: 80.0%
2025-08-27 20:13:47,590 - __main__ - INFO - [IA] Modelos IA entrenados exitosamente - Listo para trading
2025-08-27 20:13:57,052 - __main__ - INFO - [SISTEMA] Se帽al de sistema recibida - Cerrando aplicaci贸n...
2025-08-27 20:13:57,052 - __main__ - INFO - [SISTEMA] Deteniendo sistema de trading...
2025-08-27 20:13:57,053 - __main__ - INFO - [SISTEMA] Sistema detenido
2025-08-27 20:13:57,053 - __main__ - INFO - [SISTEMA] Deteniendo sistema de trading...
2025-08-27 20:13:57,053 - __main__ - INFO - [SISTEMA] Sistema detenido
2025-08-27 20:14:09,994 - __main__ - INFO - [SISTEMA] Iniciando AI Trading System V2...
2025-08-27 20:14:09,994 - __main__ - INFO - [IA] Inicializando Sistema de Trading con IA V2...
2025-08-27 20:14:09,994 - __main__ - INFO - [SISTEMA] Conectando a MetaTrader 5...
2025-08-27 20:14:09,994 - __main__ - INFO - [SISTEMA] MT5 no disponible - Modo simulaci贸n activado
2025-08-27 20:14:09,995 - __main__ - INFO - [DATOS] Cargando motor de estrategias m煤ltiples...
2025-08-27 20:14:09,995 - __main__ - INFO - [DATOS] Estrategias cargadas en modo simulaci贸n
2025-08-27 20:14:09,995 - __main__ - INFO - [APRENDIZAJE] Inicializando colector de caracter铆sticas IA...
2025-08-27 20:14:09,995 - __main__ - INFO - [APRENDIZAJE] Colector iniciado en modo simulaci贸n
2025-08-27 20:14:09,995 - __main__ - INFO - [IA] Sistema inicializado correctamente
2025-08-27 20:14:09,995 - __main__ - INFO - [SISTEMA] Sistema de Trading IA iniciado
2025-08-27 20:14:09,995 - __main__ - INFO - [APRENDIZAJE] Iniciando entrenamiento r谩pido de modelos IA...
2025-08-27 20:14:09,995 - __main__ - INFO - [SISTEMA] Estado del sistema: INICIALIZANDO
2025-08-27 20:14:09,995 - __main__ - INFO - [SISTEMA] Esperando finalizaci贸n del entrenamiento IA...
2025-08-27 20:14:10,006 - __main__ - INFO - [APRENDIZAJE] Progreso de entrenamiento: 0.0%
2025-08-27 20:14:10,106 - __main__ - INFO - [APRENDIZAJE] Progreso de entrenamiento: 20.0%
2025-08-27 20:14:10,210 - __main__ - INFO - [APRENDIZAJE] Progreso de entrenamiento: 40.0%
2025-08-27 20:14:10,311 - __main__ - INFO - [APRENDIZAJE] Progreso de entrenamiento: 60.0%
2025-08-27 20:14:10,412 - __main__ - INFO - [APRENDIZAJE] Progreso de entrenamiento: 80.0%
2025-08-27 20:14:10,503 - __main__ - INFO - [IA] Modelos IA entrenados exitosamente - Listo para trading
2025-08-27 20:14:39,996 - __main__ - INFO - [SISTEMA] Sistema operativo - Generando se帽ales de trading
2025-08-27 20:14:39,996 - __main__ - INFO - [SISTEMA] Ejecutando an谩lisis de mercado...
2025-08-27 20:14:44,963 - __main__ - INFO - [SISTEMA] Se帽al de sistema recibida - Cerrando aplicaci贸n...
2025-08-27 20:14:44,963 - __main__ - INFO - [SISTEMA] Deteniendo sistema de trading...
2025-08-27 20:14:44,963 - __main__ - INFO - [SISTEMA] Sistema detenido
2025-08-27 20:14:44,963 - __main__ - INFO - [SISTEMA] Deteniendo sistema de trading...
2025-08-27 20:14:44,963 - __main__ - INFO - [SISTEMA] Sistema detenido
